#
# A fatal error has been detected by the Java Runtime Environment:
#
#  EXCEPTION_ACCESS_VIOLATION (0xc0000005) at pc=0x00000133e0095040, pid=12784, tid=0x0000000000000998
#
# JRE version: Java(TM) SE Runtime Environment (8.0_112-b15) (build 1.8.0_112-b15)
# Java VM: Java HotSpot(TM) 64-Bit Server VM (25.112-b15 mixed mode windows-amd64 compressed oops)
# Problematic frame:
# C  0x00000133e0095040
#
# Failed to write core dump. Minidumps are not enabled by default on client versions of Windows
#
# If you would like to submit a bug report, please visit:
#   http://bugreport.java.com/bugreport/crash.jsp
# The crash happened outside the Java Virtual Machine in native code.
# See problematic frame for where to report the bug.
#

---------------  T H R E A D  ---------------

Current thread (0x00000133e0ca0800):  JavaThread "main" [_thread_in_native, id=2456, stack(0x0000000a2b700000,0x0000000a2b800000)]

siginfo: ExceptionCode=0xc0000005, ExceptionInformation=0x0000000000000008 0x00000133e0095040

Registers:
RAX=0x00000133e0095040, RBX=0x0000000000000000, RCX=0x00000133e0d034f0, RDX=0x0000000a2b7fe940
RSP=0x0000000a2b7fe908, RBP=0x0000000a2b7fe950, RSI=0x0000000000000000, RDI=0x0000000000000000
R8 =0xfffd9d8faa2fbcd1, R9 =0x00007ffeab0a37a0, R10=0xfffd9d8faa2fbcd1, R11=0x0000c835520fbcd1
R12=0x00007ffe767dbdf0, R13=0x00000133f8dabb80, R14=0x0000000a2b7fea00, R15=0x0000000a2b7fe9b8
RIP=0x00000133e0095040, EFLAGS=0x0000000000010203

Top of Stack: (sp=0x0000000a2b7fe908)
0x0000000a2b7fe908:   00007ffeab0007bf 0000000000000000
0x0000000a2b7fe918:   0000000000000000 0000000a2b7fea00
0x0000000a2b7fe928:   00007ffe8abf467a 00000133e0d034f0
0x0000000a2b7fe938:   00000133e0095040 00000133dad63580
0x0000000a2b7fe948:   0000000000000000 0000000a2b7feed8
0x0000000a2b7fe958:   0000000a2b7fea80 0000000000000000
0x0000000a2b7fe968:   00007ffeab0005f1 0000000a2b7fea80
0x0000000a2b7fe978:   00000133f8dabb80 0000000000000000
0x0000000a2b7fe988:   0000000000000000 000000007fffffff
0x0000000a2b7fe998:   0000000000000000 0000000a2b7feab0
0x0000000a2b7fe9a8:   00007ffeab00095c 0000000a2b7fea80
0x0000000a2b7fe9b8:   0000000000000000 0000000a2b7feeb8
0x0000000a2b7fe9c8:   00007ffeab0d70e0 0000000a2b7feac0
0x0000000a2b7fe9d8:   000000000a90306d 0000000000000000
0x0000000a2b7fe9e8:   000000000000003f 00000133dcd40020
0x0000000a2b7fe9f8:   0000000a2b7feac0 00000133e08b7580 

Instructions: (pc=0x00000133e0095040)
0x00000133e0095020:   6c 65 20 70 6c 61 63 65 6d 65 6e 74 20 69 6d 70
0x00000133e0095030:   6f 73 73 69 62 6c 65 2e 00 00 00 00 00 00 00 00
0x00000133e0095040:   20 5d e7 e0 33 01 00 00 01 00 00 00 e4 04 00 00
0x00000133e0095050:   02 00 00 00 e4 04 00 00 e4 04 00 00 00 00 00 00 


Register to memory mapping:

RAX=0x00000133e0095040 is an unknown value
RBX=0x0000000000000000 is an unknown value
RCX=0x00000133e0d034f0 is an unknown value
RDX=0x0000000a2b7fe940 is pointing into the stack for thread: 0x00000133e0ca0800
RSP=0x0000000a2b7fe908 is pointing into the stack for thread: 0x00000133e0ca0800
RBP=0x0000000a2b7fe950 is pointing into the stack for thread: 0x00000133e0ca0800
RSI=0x0000000000000000 is an unknown value
RDI=0x0000000000000000 is an unknown value
R8 =0xfffd9d8faa2fbcd1 is an unknown value
R9 =0x00007ffeab0a37a0 is an unknown value
R10=0xfffd9d8faa2fbcd1 is an unknown value
R11=0x0000c835520fbcd1 is an unknown value
R12=0x00007ffe767dbdf0 is an unknown value
R13=0x00000133f8dabb80 is an unknown value
R14=0x0000000a2b7fea00 is pointing into the stack for thread: 0x00000133e0ca0800
R15=0x0000000a2b7fe9b8 is pointing into the stack for thread: 0x00000133e0ca0800


Stack: [0x0000000a2b700000,0x0000000a2b800000],  sp=0x0000000a2b7fe908,  free space=1018k
Native frames: (J=compiled Java code, j=interpreted, Vv=VM code, C=native code)
C  0x00000133e0095040

Java frames: (J=compiled Java code, j=interpreted, Vv=VM code)
j  ui.data.common.parami.ParamMgr_getValueAsBool(JLjava/lang/String;)Z+0
j  ui.data.common.w.dC(Ljava/lang/String;)Z+5
j  ui.data.common.w.vF()Z+5
j  ui.g.q.vF()Z+18
j  ui.g.q.dIp()Ljava/lang/String;+6
j  ui.PlanAhead.<clinit>()V+639
v  ~StubRoutines::call_stub

---------------  P R O C E S S  ---------------

Java Threads: ( => current thread )
  0x00000133e1027000 JavaThread "Service Thread" daemon [_thread_blocked, id=2484, stack(0x0000000a2d400000,0x0000000a2d900000)]
  0x00000133dfde2800 JavaThread "C1 CompilerThread2" daemon [_thread_blocked, id=8, stack(0x0000000a2d300000,0x0000000a2d400000)]
  0x00000133dfde3800 JavaThread "C2 CompilerThread1" daemon [_thread_blocked, id=1524, stack(0x0000000a2d200000,0x0000000a2d300000)]
  0x00000133e0cd1000 JavaThread "C2 CompilerThread0" daemon [_thread_blocked, id=5532, stack(0x0000000a2d100000,0x0000000a2d200000)]
  0x00000133dfe00800 JavaThread "Attach Listener" daemon [_thread_blocked, id=1252, stack(0x0000000a2cc00000,0x0000000a2d100000)]
  0x00000133dfe01800 JavaThread "Signal Dispatcher" daemon [_thread_blocked, id=924, stack(0x0000000a2c700000,0x0000000a2cc00000)]
  0x00000133e0c73800 JavaThread "Finalizer" daemon [_thread_blocked, id=920, stack(0x0000000a2c200000,0x0000000a2c700000)]
  0x00000133e0c01800 JavaThread "Reference Handler" daemon [_thread_blocked, id=6952, stack(0x0000000a2bd00000,0x0000000a2c200000)]
=>0x00000133e0ca0800 JavaThread "main" [_thread_in_native, id=2456, stack(0x0000000a2b700000,0x0000000a2b800000)]

Other Threads:
  0x00000133dfda0800 VMThread [stack: 0x0000000a2bc00000,0x0000000a2bd00000] [id=1012]
  0x00000133e0197800 WatcherThread [stack: 0x0000000a2d900000,0x0000000a2da00000] [id=12592]

VM state:not at safepoint (normal execution)

VM Mutex/Monitor currently owned by a thread: None

Heap:
 PSYoungGen      total 53760K, used 7377K [0x00000007bc400000, 0x00000007c0000000, 0x00000007c0000000)
  eden space 46080K, 16% used [0x00000007bc400000,0x00000007bcb34780,0x00000007bf100000)
  from space 7680K, 0% used [0x00000007bf880000,0x00000007bf880000,0x00000007c0000000)
  to   space 7680K, 0% used [0x00000007bf100000,0x00000007bf100000,0x00000007bf880000)
 ParOldGen       total 69632K, used 0K [0x0000000700000000, 0x0000000704400000, 0x00000007bc400000)
  object space 69632K, 0% used [0x0000000700000000,0x0000000700000000,0x0000000704400000)
 Metaspace       used 6695K, capacity 6896K, committed 7168K, reserved 1056768K
  class space    used 665K, capacity 725K, committed 768K, reserved 1048576K

Card table byte_map: [0x00000133f0810000,0x00000133f0e20000] byte_map_base: 0x00000133ed010000

Marking Bits: (ParMarkBitMap*) 0x000000005df5a6d0
 Begin Bits: [0x00000133f1410000, 0x00000133f4410000)
 End Bits:   [0x00000133f4410000, 0x00000133f7410000)

Polling page: 0x00000133dc760000

CodeCache: size=245760Kb used=1966Kb max_used=1976Kb free=243793Kb
 bounds [0x00000133e1450000, 0x00000133e16c0000, 0x00000133f0450000]
 total_blobs=720 nmethods=388 adapters=245
 compilation: enabled

Compilation events (10 events):
Event: 0.703 Thread 0x00000133dfde2800  384       3       java.lang.CharacterDataLatin1::digit (91 bytes)
Event: 0.703 Thread 0x00000133dfde2800 nmethod 384 0x00000133e1637450 code [0x00000133e16375c0, 0x00000133e1637958]
Event: 0.706 Thread 0x00000133dfde3800  385       4       java.lang.String::<init> (82 bytes)
Event: 0.708 Thread 0x00000133dfde2800  386       3       sun.net.www.ParseUtil::encodePath (336 bytes)
Event: 0.709 Thread 0x00000133dfde2800 nmethod 386 0x00000133e1639110 code [0x00000133e1639380, 0x00000133e163a3a0]
Event: 0.710 Thread 0x00000133dfde2800  387       3       java.lang.StringBuffer::<init> (6 bytes)
Event: 0.710 Thread 0x00000133dfde2800 nmethod 387 0x00000133e163ab50 code [0x00000133e163acc0, 0x00000133e163af78]
Event: 0.710 Thread 0x00000133dfde3800 nmethod 385 0x00000133e163e190 code [0x00000133e163e2e0, 0x00000133e163e5d8]
Event: 0.712 Thread 0x00000133dfde2800  388       1       java.util.jar.Manifest::getEntries (5 bytes)
Event: 0.712 Thread 0x00000133dfde2800 nmethod 388 0x00000133e163dcd0 code [0x00000133e163de20, 0x00000133e163df38]

GC Heap History (0 events):
No events

Deoptimization events (1 events):
Event: 0.155 Thread 0x00000133e0ca0800 Uncommon trap: reason=unstable_if action=reinterpret pc=0x00000133e157a388 method=java.lang.String.hashCode()I @ 14

Internal exceptions (10 events):
Event: 0.203 Thread 0x00000133e0ca0800 Exception <a 'java/security/PrivilegedActionException'> (0x00000007bc739718) thrown at [C:\re\workspace\8-2-build-windows-amd64-cygwin\jdk8u112\7884\hotspot\src\share\vm\prims\jvm.cpp, line 1390]
Event: 0.513 Thread 0x00000133e0ca0800 Exception <a 'java/security/PrivilegedActionException'> (0x00000007bc7ff688) thrown at [C:\re\workspace\8-2-build-windows-amd64-cygwin\jdk8u112\7884\hotspot\src\share\vm\prims\jvm.cpp, line 1390]
Event: 0.513 Thread 0x00000133e0ca0800 Exception <a 'java/security/PrivilegedActionException'> (0x00000007bc7ffa80) thrown at [C:\re\workspace\8-2-build-windows-amd64-cygwin\jdk8u112\7884\hotspot\src\share\vm\prims\jvm.cpp, line 1390]
Event: 0.514 Thread 0x00000133e0ca0800 Exception <a 'java/security/PrivilegedActionException'> (0x00000007bc801a58) thrown at [C:\re\workspace\8-2-build-windows-amd64-cygwin\jdk8u112\7884\hotspot\src\share\vm\prims\jvm.cpp, line 1390]
Event: 0.514 Thread 0x00000133e0ca0800 Exception <a 'java/security/PrivilegedActionException'> (0x00000007bc801e50) thrown at [C:\re\workspace\8-2-build-windows-amd64-cygwin\jdk8u112\7884\hotspot\src\share\vm\prims\jvm.cpp, line 1390]
Event: 0.518 Thread 0x00000133e0ca0800 Exception <a 'java/security/PrivilegedActionException'> (0x00000007bc805f38) thrown at [C:\re\workspace\8-2-build-windows-amd64-cygwin\jdk8u112\7884\hotspot\src\share\vm\prims\jvm.cpp, line 1390]
Event: 0.518 Thread 0x00000133e0ca0800 Exception <a 'java/security/PrivilegedActionException'> (0x00000007bc806330) thrown at [C:\re\workspace\8-2-build-windows-amd64-cygwin\jdk8u112\7884\hotspot\src\share\vm\prims\jvm.cpp, line 1390]
Event: 0.633 Thread 0x00000133e0ca0800 Exception <a 'java/io/FileNotFoundException'> (0x00000007bc854f80) thrown at [C:\re\workspace\8-2-build-windows-amd64-cygwin\jdk8u112\7884\hotspot\src\share\vm\prims\jni.cpp, line 709]
Event: 0.668 Thread 0x00000133e0ca0800 Exception <a 'java/lang/NoSuchFieldError': method resolution failed> (0x00000007bc921d78) thrown at [C:\re\workspace\8-2-build-windows-amd64-cygwin\jdk8u112\7884\hotspot\src\share\vm\prims\methodHandles.cpp, line 1146]
Event: 0.670 Thread 0x00000133e0ca0800 Exception <a 'java/lang/NoSuchFieldError': method resolution failed> (0x00000007bc92f148) thrown at [C:\re\workspace\8-2-build-windows-amd64-cygwin\jdk8u112\7884\hotspot\src\share\vm\prims\methodHandles.cpp, line 1146]

Events (10 events):
Event: 0.712 loading class java/util/concurrent/TimeUnit$5
Event: 0.712 loading class java/util/concurrent/TimeUnit$5 done
Event: 0.712 loading class java/util/concurrent/TimeUnit$6
Event: 0.712 loading class java/util/concurrent/TimeUnit$6 done
Event: 0.712 loading class java/util/concurrent/TimeUnit$7
Event: 0.712 loading class java/util/concurrent/TimeUnit$7 done
Event: 0.712 loading class ui/frmwork/a/c
Event: 0.712 loading class ui/frmwork/a/c done
Event: 0.712 loading class ui/data/device/devmodeli
Event: 0.712 loading class ui/data/device/devmodeli done


Dynamic libraries:
0x00007ff7acae0000 - 0x00007ff7acb12000 	C:\Xilinx\Vivado\2017.2\bin\unwrapped\win64.o\vivado.exe
0x00007ffeae480000 - 0x00007ffeae660000 	C:\WINDOWS\SYSTEM32\ntdll.dll
0x00007ffeac130000 - 0x00007ffeac1de000 	C:\WINDOWS\System32\KERNEL32.DLL
0x00007ffeaad80000 - 0x00007ffeaafe6000 	C:\WINDOWS\System32\KERNELBASE.dll
0x00007ffeaaff0000 - 0x00007ffeab0e6000 	C:\WINDOWS\System32\ucrtbase.dll
0x000000000a900000 - 0x000000000a983000 	C:\Xilinx\Vivado\2017.2\lib\win64.o\SHSMP64.dll
0x00007ffeac8c0000 - 0x00007ffeaca4f000 	C:\WINDOWS\System32\USER32.dll
0x00007ffe8cf80000 - 0x00007ffe8cf94000 	C:\Xilinx\Vivado\2017.2\lib\win64.o\librdi_commonmain.dll
0x00007ffeab930000 - 0x00007ffeab950000 	C:\WINDOWS\System32\win32u.dll
0x00007ffeacc90000 - 0x00007ffeaccb8000 	C:\WINDOWS\System32\GDI32.dll
0x00007ffe8cf60000 - 0x00007ffe8cf74000 	C:\Xilinx\Vivado\2017.2\lib\win64.o\libboost_signals.dll
0x00007ffe8abc0000 - 0x00007ffe8ac5d000 	C:\WINDOWS\SYSTEM32\MSVCP140.dll
0x00007ffeaa880000 - 0x00007ffeaaa14000 	C:\WINDOWS\System32\gdi32full.dll
0x00007ffeab840000 - 0x00007ffeab8db000 	C:\WINDOWS\System32\msvcp_win.dll
0x00007ffe75c80000 - 0x00007ffe7688f000 	C:\Xilinx\Vivado\2017.2\lib\win64.o\librdi_common.dll
0x00007ffeabce0000 - 0x00007ffeabd81000 	C:\WINDOWS\System32\ADVAPI32.dll
0x00007ffe99230000 - 0x00007ffe99247000 	C:\WINDOWS\SYSTEM32\VCRUNTIME140.dll
0x00007ffeae270000 - 0x00007ffeae30d000 	C:\WINDOWS\System32\msvcrt.dll
0x00007ffeace30000 - 0x00007ffeae267000 	C:\WINDOWS\System32\SHELL32.dll
0x00007ffe8cc30000 - 0x00007ffe8cc56000 	C:\Xilinx\Vivado\2017.2\lib\win64.o\libboost_filesystem.dll
0x00007ffeae3f0000 - 0x00007ffeae44b000 	C:\WINDOWS\System32\sechost.dll
0x00007ffeab8e0000 - 0x00007ffeab92a000 	C:\WINDOWS\System32\cfgmgr32.dll
0x00007ffeac1e0000 - 0x00007ffeac2ff000 	C:\WINDOWS\System32\RPCRT4.dll
0x00007ffeae310000 - 0x00007ffeae3b6000 	C:\WINDOWS\System32\shcore.dll
0x00007ffeab950000 - 0x00007ffeabc58000 	C:\WINDOWS\System32\combase.dll
0x00007ffeaaa20000 - 0x00007ffeaaa92000 	C:\WINDOWS\System32\bcryptPrimitives.dll
0x000000005dfe0000 - 0x000000005e10b000 	C:\Xilinx\Vivado\2017.2\lib\win64.o\tcl85t.dll
0x00007ffeab0f0000 - 0x00007ffeab837000 	C:\WINDOWS\System32\windows.storage.dll
0x00007ffe78ac0000 - 0x00007ffe78bc1000 	C:\Xilinx\Vivado\2017.2\lib\win64.o\librdi_commonxillic.dll
0x00007ffeac300000 - 0x00007ffeac36c000 	C:\WINDOWS\System32\WS2_32.dll
0x00007ffeac860000 - 0x00007ffeac8b1000 	C:\WINDOWS\System32\shlwapi.dll
0x00007ffeaa7f0000 - 0x00007ffeaa801000 	C:\WINDOWS\System32\kernel.appcore.dll
0x00007ffeaa830000 - 0x00007ffeaa87c000 	C:\WINDOWS\System32\powrprof.dll
0x00007ffeaa7d0000 - 0x00007ffeaa7eb000 	C:\WINDOWS\System32\profapi.dll
0x00007ffe76d40000 - 0x00007ffe770ae000 	C:\Xilinx\Vivado\2017.2\lib\win64.o\libCOIN-all.dll
0x00007ffe75980000 - 0x00007ffe75c71000 	C:\Xilinx\Vivado\2017.2\lib\win64.o\libXil_lmgr11.dll
0x00007ffe8cc10000 - 0x00007ffe8cc24000 	C:\Xilinx\Vivado\2017.2\lib\win64.o\libboost_date_time.dll
0x00007ffe9c7f0000 - 0x00007ffe9c7fa000 	C:\Xilinx\Vivado\2017.2\lib\win64.o\librdi_commonversion.dll
0x00007ffeacb20000 - 0x00007ffeacc2a000 	C:\WINDOWS\System32\COMDLG32.dll
0x00007ffeaca50000 - 0x00007ffeacb15000 	C:\WINDOWS\System32\OLEAUT32.dll
0x00007ffe7e840000 - 0x00007ffe7e8be000 	C:\Xilinx\Vivado\2017.2\lib\win64.o\libboost_program_options.dll
0x00007ffeabf70000 - 0x00007ffeac0b9000 	C:\WINDOWS\System32\ole32.dll
0x00007ffe9c5e0000 - 0x00007ffe9c5eb000 	C:\Xilinx\Vivado\2017.2\lib\win64.o\libboost_system.dll
0x00007ffeaab50000 - 0x00007ffeaaba8000 	C:\WINDOWS\System32\WINTRUST.dll
0x00007ffeaa810000 - 0x00007ffeaa822000 	C:\WINDOWS\System32\MSASN1.dll
0x00007ffe75870000 - 0x00007ffe7597d000 	C:\Xilinx\Vivado\2017.2\lib\win64.o\libboost_regex.dll
0x00007ffe8c7d0000 - 0x00007ffe8c7f0000 	C:\Xilinx\Vivado\2017.2\lib\win64.o\libboost_thread.dll
0x00007ffeaabb0000 - 0x00007ffeaad7e000 	C:\WINDOWS\System32\CRYPT32.dll
0x00007ffe9c270000 - 0x00007ffe9c27f000 	C:\Xilinx\Vivado\2017.2\lib\win64.o\libboost_xilinx.dll
0x00007ffe7df80000 - 0x00007ffe7e002000 	C:\Xilinx\Vivado\2017.2\lib\win64.o\libhdlpsolve.dll
0x00007ffe798b0000 - 0x00007ffe79955000 	C:\Xilinx\Vivado\2017.2\lib\win64.o\libhdxml.dll
0x00007ffe73d40000 - 0x00007ffe7411e000 	C:\Xilinx\Vivado\2017.2\lib\win64.o\libisl_iostreams.dll
0x00007ffe8ab90000 - 0x00007ffe8abbe000 	C:\Xilinx\Vivado\2017.2\lib\win64.o\libisl_sysinfo.dll
0x000000005d740000 - 0x000000005dfda000 	C:\Xilinx\Vivado\2017.2\tps\win64\jre\bin\server\jvm.dll
0x00007ffe74880000 - 0x00007ffe749d1000 	C:\Xilinx\Vivado\2017.2\lib\win64.o\librdi_curl.dll
0x00007ffe8b360000 - 0x00007ffe8b375000 	C:\Xilinx\Vivado\2017.2\lib\win64.o\pthreadVC2.dll
0x00007ffe8acd0000 - 0x00007ffe8acec000 	C:\Xilinx\Vivado\2017.2\lib\win64.o\librdiconfig.dll
0x00007ffeabdc0000 - 0x00007ffeabdc8000 	C:\WINDOWS\System32\PSAPI.DLL
0x00007ffe8a530000 - 0x00007ffe8a551000 	C:\Xilinx\Vivado\2017.2\lib\win64.o\librdizlib.dll
0x00007ffe9a750000 - 0x00007ffe9aa84000 	C:\WINDOWS\SYSTEM32\WININET.dll
0x00007ffea5a20000 - 0x00007ffea5afe000 	C:\WINDOWS\SYSTEM32\WINHTTP.dll
0x00007ffe9e870000 - 0x00007ffe9ea3c000 	C:\WINDOWS\SYSTEM32\urlmon.dll
0x0000000012000000 - 0x0000000012272000 	C:\Xilinx\Vivado\2017.2\lib\win64.o\xerces-c_3_1.dll
0x00007ffeae3d0000 - 0x00007ffeae3ed000 	C:\WINDOWS\System32\imagehlp.dll
0x00007ffea5860000 - 0x00007ffea586a000 	C:\WINDOWS\SYSTEM32\VERSION.dll
0x00007ffe99900000 - 0x00007ffe99909000 	C:\WINDOWS\SYSTEM32\WSOCK32.dll
0x00007ffe8a480000 - 0x00007ffe8a4ae000 	C:\WINDOWS\SYSTEM32\VCOMP140.DLL
0x00007ffe70080000 - 0x00007ffe70f11000 	C:\Xilinx\Vivado\2017.2\lib\win64.o\gurobi65.dll
0x00007ffea3ec0000 - 0x00007ffea3ed7000 	C:\WINDOWS\SYSTEM32\NETAPI32.dll
0x00007ffea5540000 - 0x00007ffea55e6000 	C:\WINDOWS\WinSxS\amd64_microsoft.windows.common-controls_6595b64144ccf1df_5.82.16299.64_none_e47b13aa03396f3a\COMCTL32.dll
0x00007ffe960b0000 - 0x00007ffe96184000 	C:\WINDOWS\SYSTEM32\MSVCR110.dll
0x00007ffe99220000 - 0x00007ffe9922d000 	C:\Xilinx\Vivado\2017.2\lib\win64.o\libboost_chrono.dll
0x00007ffe8ab70000 - 0x00007ffe8ab8b000 	C:\Xilinx\Vivado\2017.2\lib\win64.o\libboost_iostreams.dll
0x00007ffea6fd0000 - 0x00007ffea6ff3000 	C:\WINDOWS\SYSTEM32\WINMM.dll
0x000000005d660000 - 0x000000005d732000 	C:\WINDOWS\SYSTEM32\MSVCR100.dll
0x00007ffe9fbc0000 - 0x00007ffe9fe59000 	C:\WINDOWS\SYSTEM32\iertutil.dll
0x00007ffe8a450000 - 0x00007ffe8a475000 	C:\Xilinx\Vivado\2017.2\lib\win64.o\libisl_iosutils.dll
0x00007ffea6f00000 - 0x00007ffea6f2a000 	C:\WINDOWS\SYSTEM32\WINMMBASE.dll
0x00007ffeaa1e0000 - 0x00007ffeaa1eb000 	C:\WINDOWS\SYSTEM32\CRYPTBASE.DLL
0x00007ffeabd90000 - 0x00007ffeabdbd000 	C:\WINDOWS\System32\IMM32.DLL
0x00007ffe738d0000 - 0x00007ffe73d33000 	C:\Xilinx\Vivado\2017.2\lib\win64.o\librdi_commontasks.dll
0x00007ffe736a0000 - 0x00007ffe738ca000 	C:\Xilinx\Vivado\2017.2\lib\win64.o\librdi_sio.dll
0x00007ffea9d90000 - 0x00007ffea9dc9000 	C:\WINDOWS\SYSTEM32\IPHLPAPI.DLL
0x00007ffe5f7c0000 - 0x00007ffe61741000 	C:\Xilinx\Vivado\2017.2\lib\win64.o\librdi_tcltasks.dll
0x00007ffe79610000 - 0x00007ffe79678000 	C:\Xilinx\Vivado\2017.2\lib\win64.o\librdi_boarddep.dll
0x00007ffe74700000 - 0x00007ffe74875000 	C:\Xilinx\Vivado\2017.2\lib\win64.o\librdi_board.dll
0x00007ffe6fc10000 - 0x00007ffe6ff72000 	C:\Xilinx\Vivado\2017.2\lib\win64.o\librdi_bitstream.dll
0x00007ffe6f9f0000 - 0x00007ffe6fc09000 	C:\Xilinx\Vivado\2017.2\lib\win64.o\librdi_chipscope.dll
0x00007ffe756a0000 - 0x00007ffe7579e000 	C:\Xilinx\Vivado\2017.2\lib\win64.o\librdi_containers.dll
0x00007ffe5e2c0000 - 0x00007ffe5f7b6000 	C:\Xilinx\Vivado\2017.2\lib\win64.o\librdi_constraints.dll
0x00007ffe6f410000 - 0x00007ffe6f670000 	C:\Xilinx\Vivado\2017.2\lib\win64.o\librdi_dlyest.dll
0x00007ffe57d40000 - 0x00007ffe5b7cd000 	C:\Xilinx\Vivado\2017.2\lib\win64.o\librdi_designutils.dll
0x00007ffe6d470000 - 0x00007ffe6d973000 	C:\Xilinx\Vivado\2017.2\lib\win64.o\librdi_drc.dll
0x00007ffe751b0000 - 0x00007ffe7527e000 	C:\Xilinx\Vivado\2017.2\lib\win64.o\librdi_dsp.dll
0x00007ffe5b7d0000 - 0x00007ffe5e2bf000 	C:\Xilinx\Vivado\2017.2\lib\win64.o\librdi_coregen.dll
0x00007ffe6db80000 - 0x00007ffe6ddfa000 	C:\Xilinx\Vivado\2017.2\lib\win64.o\librdi_guitools.dll
0x00007ffe69700000 - 0x00007ffe69c40000 	C:\Xilinx\Vivado\2017.2\lib\win64.o\librdi_filemgmt.dll
0x00007ffe4bc60000 - 0x00007ffe57d3b000 	C:\Xilinx\Vivado\2017.2\lib\win64.o\librdi_device.dll
0x00007ffe49710000 - 0x00007ffe49d04000 	C:\Xilinx\Vivado\2017.2\lib\win64.o\librdi_memdata.dll
0x00007ffe687e0000 - 0x00007ffe696f3000 	C:\Xilinx\Vivado\2017.2\lib\win64.o\librdi_implflow.dll
0x00007ffe7ec30000 - 0x00007ffe7ec71000 	C:\Xilinx\Vivado\2017.2\lib\win64.o\librdi_pfi.dll
0x00007ffe73340000 - 0x00007ffe734fb000 	C:\Xilinx\Vivado\2017.2\lib\win64.o\librdi_platform.dll
0x00007ffe47430000 - 0x00007ffe47aa5000 	C:\Xilinx\Vivado\2017.2\lib\win64.o\librdi_power.dll
0x00007ffe6cc50000 - 0x00007ffe6d0d5000 	C:\Xilinx\Vivado\2017.2\lib\win64.o\librdi_netlist.dll
0x00007ffe47ab0000 - 0x00007ffe4970a000 	C:\Xilinx\Vivado\2017.2\lib\win64.o\librdi_place.dll
0x00007ffe46f20000 - 0x00007ffe4742e000 	C:\Xilinx\Vivado\2017.2\lib\win64.o\librdi_project.dll
0x00007ffe46930000 - 0x00007ffe46f12000 	C:\Xilinx\Vivado\2017.2\lib\win64.o\librdi_psta.dll
0x00007ffe78a30000 - 0x00007ffe78ab9000 	C:\Xilinx\Vivado\2017.2\lib\win64.o\librdi_runsbase.dll
0x00007ffe45ed0000 - 0x00007ffe46248000 	C:\Xilinx\Vivado\2017.2\lib\win64.o\librdi_runs.dll
0x00007ffe72fc0000 - 0x00007ffe7316e000 	C:\Xilinx\Vivado\2017.2\lib\win64.o\librdi_simdata.dll
0x00007ffe49d10000 - 0x00007ffe4bc59000 	C:\Xilinx\Vivado\2017.2\lib\win64.o\librdi_mig.dll
0x00007ffe46250000 - 0x00007ffe46923000 	C:\Xilinx\Vivado\2017.2\lib\win64.o\librdi_rsb.dll
0x00007ffe795a0000 - 0x00007ffe79605000 	C:\Xilinx\Vivado\2017.2\lib\win64.o\liblmx6.0.dll
0x00007ffe45300000 - 0x00007ffe45ec9000 	C:\Xilinx\Vivado\2017.2\lib\win64.o\librdi_timing.dll
0x00007ffe7d520000 - 0x00007ffe7d56b000 	C:\Xilinx\Vivado\2017.2\lib\win64.o\libboost_serialization.dll
0x00007ffe76ca0000 - 0x00007ffe76d3e000 	C:\Xilinx\Vivado\2017.2\lib\win64.o\libise.dll
0x00007ffe44db0000 - 0x00007ffe452fe000 	C:\Xilinx\Vivado\2017.2\lib\win64.o\librdi_xdm.dll
0x00007ffe44330000 - 0x00007ffe44da2000 	C:\Xilinx\Vivado\2017.2\lib\win64.o\libverific.dll
0x00007ffe7b8d0000 - 0x00007ffe7b915000 	C:\Xilinx\Vivado\2017.2\lib\win64.o\librdi_wavedata_SimpleApi.dll
0x00007ffe43f10000 - 0x00007ffe4432e000 	C:\Xilinx\Vivado\2017.2\lib\win64.o\librdi_wavedata.dll
0x00007ffe43840000 - 0x00007ffe43f06000 	C:\Xilinx\Vivado\2017.2\lib\win64.o\librdi_coregenipxact.dll
0x00007ffe79720000 - 0x00007ffe79768000 	C:\Xilinx\Vivado\2017.2\lib\win64.o\librdi_hdf.dll
0x00007ffe6d240000 - 0x00007ffe6d466000 	C:\Xilinx\Vivado\2017.2\lib\win64.o\librdi_hsm.dll
0x00007ffe42aa0000 - 0x00007ffe4383f000 	C:\Xilinx\Vivado\2017.2\lib\win64.o\librdi_route.dll
0x00007ffe424d0000 - 0x00007ffe42a92000 	C:\Xilinx\Vivado\2017.2\lib\win64.o\librdi_abc_nomp.dll
0x00007ffe8a510000 - 0x00007ffe8a52a000 	C:\Xilinx\Vivado\2017.2\lib\win64.o\librdi_hmetis.dll
0x00007ffe78c30000 - 0x00007ffe78c82000 	C:\Xilinx\Vivado\2017.2\lib\win64.o\librdi_projectbase.dll
0x00007ffe41da0000 - 0x00007ffe424c6000 	C:\Xilinx\Vivado\2017.2\lib\win64.o\librdi_labtools.dll

VM Arguments:
jvm_args: -Dsun.java2d.pmoffscreen=false -Dsun.java2d.d3d=false -Dsun.awt.nopixfmt=true -Xverify:none -Dswing.aatext=true -XX:-UsePerfData -Djdk.map.althashing.threshold=512 -XX:StringTableSize=4072 -XX:NewSize=60m -XX:MaxNewSize=60m -Xms128m -Xmx3072m -Xss5m 
java_command: <unknown>
java_class_path (initial): C:/Xilinx/Vivado/2017.2\lib\classes\alloy.jar;C:/Xilinx/Vivado/2017.2\lib\classes\batik-anim.jar;C:/Xilinx/Vivado/2017.2\lib\classes\batik-awt-util.jar;C:/Xilinx/Vivado/2017.2\lib\classes\batik-bridge.jar;C:/Xilinx/Vivado/2017.2\lib\classes\batik-codec.jar;C:/Xilinx/Vivado/2017.2\lib\classes\batik-css.jar;C:/Xilinx/Vivado/2017.2\lib\classes\batik-dom.jar;C:/Xilinx/Vivado/2017.2\lib\classes\batik-ext.jar;C:/Xilinx/Vivado/2017.2\lib\classes\batik-gui-util.jar;C:/Xilinx/Vivado/2017.2\lib\classes\batik-gvt.jar;C:/Xilinx/Vivado/2017.2\lib\classes\batik-parser.jar;C:/Xilinx/Vivado/2017.2\lib\classes\batik-script.jar;C:/Xilinx/Vivado/2017.2\lib\classes\batik-svg-dom.jar;C:/Xilinx/Vivado/2017.2\lib\classes\batik-swing.jar;C:/Xilinx/Vivado/2017.2\lib\classes\batik-transcoder.jar;C:/Xilinx/Vivado/2017.2\lib\classes\batik-util.jar;C:/Xilinx/Vivado/2017.2\lib\classes\batik-xml.jar;C:/Xilinx/Vivado/2017.2\lib\classes\commons-math-2.2.jar;C:/Xilinx/Vivado/2017.2\lib\classes\dom4j-1.6.1.jar;C:/Xilinx/Vivado/2017.2\lib\classes\forms.jar;C:/Xilinx/Vivado/2017.2\lib\classes\guava-18.0.jar;C:/Xilinx/Vivado/2017.2\lib\classes\help.jar;C:/Xilinx/Vivado/2017.2\lib\classes\hsqldb.jar;C:/Xilinx/Vivado/2017.2\lib\classes\jh.jar;C:/Xilinx/Vivado/2017.2\lib\classes\jide-action.jar;C:/Xilinx/Vivado/2017.2\lib\classes\jide-charts.jar;C:/Xilinx/Vivado/2017.2\lib\classes\jide-common.jar;C:/Xilinx/Vivado/2017.2\lib\classes\jide-components.jar;C:/Xilinx/Vivado/2017.2\lib\classes\jide-dashboard.jar;C:/Xilinx/Vivado/2017.2\lib\classes\jide-data.jar;C:/Xilinx/Vivado/2017.2\lib\classes\jide-dialogs.jar;C:/Xilinx/Vivado/2017.2\lib\classes\jide-diff.jar;C:/Xilinx/Vivado/2017.2\lib\classes\jide-dock.jar;C:/Xilinx/Vivado/2017.2\lib\classes\jide-editor.jar;C:/Xilinx/Vivado/2017.2\lib\classes\jide-gantt.jar;C:/Xilinx/Vivado/2017.2\lib\classes\jide-grids.jar;C:/Xilinx/Vivado/2017.2\lib\classes\jide-pivot.jar;C:/Xilinx/Vivado/2017.2\lib\classes\jide-plaf-jdk7.jar;C:/Xilinx/Vivado/2
Launcher Type: generic

Environment Variables:
PATH=C:/Xilinx/Vivado/2017.2/bin;C:/Xilinx/Vivado/2017.2/lib/win64.o;C:/Xilinx/Vivado/2017.2/tps/win64/jre/bin/server;C:/Xilinx/Vivado/2017.2/tps/win64/jre/bin;C:/Xilinx/SDK/2017.2/bin;C:/Xilinx/Vivado/2017.2/ids_lite/ISE/bin/nt64;C:/Xilinx/Vivado/2017.2/ids_lite/ISE/lib/nt64;C:/Xilinx/Vivado_HLS/2017.2/bin;C:\ProgramData\Oracle\Java\javapath;c:\Program Files (x86)\Intel\iCLS Client\;c:\Program Files\Intel\iCLS Client\;C:\WINDOWS\system32;C:\WINDOWS;C:\WINDOWS\System32\Wbem;C:\WINDOWS\System32\WindowsPowerShell\v1.0\;C:\Program Files\Intel\Intel(R) Management Engine Components\DAL;C:\Program Files\Intel\Intel(R) Management Engine Components\IPT;C:\Program Files (x86)\Intel\Intel(R) Management Engine Components\DAL;C:\Program Files (x86)\Intel\Intel(R) Management Engine Components\IPT;C:\Program Files (x86)\GTK2-Runtime\lib;C:\Program Files\MATLAB\R2013a\runtime\win64;C:\Program Files\MATLAB\R2013a\bin;C:\Program Files\MATLAB\R2011a\runtime\win64;C:\Program Files\MATLAB\R2011a\bin;C:\Program Files (x86)\Ghdl\Bin;C:\Program Files\PuTTY\;C:\Users\Renuka\AppData\Local\Microsoft\WindowsApps;;C:/Xilinx/Vivado/2017.2\tps\mingw\6.2.0\win64.o\nt\bin;C:/Xilinx/Vivado/2017.2\tps\mingw\6.2.0\win64.o\nt\libexec\gcc\x86_64-w64-mingw32\6.2.0
USERNAME=Renuka
OS=Windows_NT
PROCESSOR_IDENTIFIER=Intel64 Family 6 Model 69 Stepping 1, GenuineIntel



---------------  S Y S T E M  ---------------

OS: Windows 10.0 , 64 bit Build 16299 (10.0.16299.15)

CPU:total 4 (2 cores per cpu, 2 threads per core) family 6 model 69 stepping 1, cmov, cx8, fxsr, mmx, sse, sse2, sse3, ssse3, sse4.1, sse4.2, popcnt, avx, avx2, aes, clmul, erms, lzcnt, ht, tsc, tscinvbit, bmi1, bmi2

Memory: 4k page, physical 4095980k(1043792k free), swap 5537772k(1819556k free)

vm_info: Java HotSpot(TM) 64-Bit Server VM (25.112-b15) for windows-amd64 JRE (1.8.0_112-b15), built on Sep 22 2016 21:31:56 by "java_re" with MS VC++ 10.0 (VS2010)

time: Fri Dec 08 13:30:31 2017
elapsed time: 0 seconds (0d 0h 0m 0s)

